;  LST file generated by mikroListExporter - v.2.0 
; Date/Time: 17/2/2017 10:26:15
;----------------------------------------------

;Address Opcode 	ASM
____SysVT:
0x9FC01180	0x0B4000A8  J	___GenExcept
0x9FC01184	0x70000000  NOP	
; end of ____SysVT
____BootVT:
0xBFC00380	0x3C1E9D00  LUI	R30, 40192
0xBFC00384	0x37DE02B8  ORI	R30, R30, 696
0xBFC00388	0x03C00008  JR	R30
0xBFC0038C	0x70000000  NOP	
; end of ____BootVT
_main:
;lcd.c, 89 :: 		void main()
0x9D0002D0	0x0F4000D8  JAL	2634023776
0x9D0002D4	0x70000000  NOP	
;lcd.c, 91 :: 		TRISA = 0;
0x9D0002D8	0x3C1EBF88  LUI	R30, 49032
0x9D0002DC	0xAFC06000  SW	R0, 24576(R30)
;lcd.c, 92 :: 		TRISB = 0;
0x9D0002E0	0x3C1EBF88  LUI	R30, 49032
0x9D0002E4	0xAFC06040  SW	R0, 24640(R30)
;lcd.c, 94 :: 		PORTA = 0;
0x9D0002E8	0x3C1EBF88  LUI	R30, 49032
0x9D0002EC	0xAFC06010  SW	R0, 24592(R30)
;lcd.c, 95 :: 		PORTB = 0;
0x9D0002F0	0x3C1EBF88  LUI	R30, 49032
0x9D0002F4	0xAFC06050  SW	R0, 24656(R30)
;lcd.c, 97 :: 		Sleep_(25);
0x9D0002F8	0x0F40007B  JAL	_Sleep_+0
0x9D0002FC	0x34190019  ORI	R25, R0, 25
;lcd.c, 98 :: 		InitLcd();
0x9D000300	0x0F40009B  JAL	_InitLcd+0
0x9D000304	0x70000000  NOP	
;lcd.c, 99 :: 		ClearLcd();
0x9D000308	0x0F40008E  JAL	_ClearLcd+0
0x9D00030C	0x70000000  NOP	
;lcd.c, 100 :: 		OnOffLcd();
0x9D000310	0x0F400052  JAL	_OnOffLcd+0
0x9D000314	0x70000000  NOP	
;lcd.c, 102 :: 		WriteLcd("Marcelo Mariano",1);
0x9D000318	0x341A0001  ORI	R26, R0, 1
0x9D00031C	0x3C19A000  LUI	R25, hi_addr(?lstr1_lcd+0)
0x9D000320	0x0F40005F  JAL	_WriteLcd+0
0x9D000324	0x37390000  ORI	R25, R25, lo_addr(?lstr1_lcd+0)
;lcd.c, 103 :: 		WriteLcd("Zilma Mariano",2);
0x9D000328	0x341A0002  ORI	R26, R0, 2
0x9D00032C	0x3C19A000  LUI	R25, hi_addr(?lstr2_lcd+0)
0x9D000330	0x0F40005F  JAL	_WriteLcd+0
0x9D000334	0x37390010  ORI	R25, R25, lo_addr(?lstr2_lcd+0)
;lcd.c, 105 :: 		}
L_end_main:
L__main_end_loop:
0x9D000338	0x0B4000CE  J	L__main_end_loop
0x9D00033C	0x70000000  NOP	
; end of _main
___CC2DW:
;__Lib_System.c, 4 :: 		
0x9D000218	0x27BDFFFC  ADDIU	SP, SP, -4
;__Lib_System.c, 6 :: 		
L_loopDW:
;__Lib_System.c, 7 :: 		
0x9D00021C	0x831E0000  LB	R30, 0(R24)
;__Lib_System.c, 8 :: 		
0x9D000220	0xA2FE0000  SB	R30, 0(R23)
;__Lib_System.c, 9 :: 		
0x9D000224	0x26F70001  ADDIU	R23, R23, 1
;__Lib_System.c, 10 :: 		
0x9D000228	0x16F6FFFC  BNE	R23, R22, L_loopDW
;__Lib_System.c, 11 :: 		
0x9D00022C	0x27180001  ADDIU	R24, R24, 1
;__Lib_System.c, 13 :: 		
L_end___CC2DW:
0x9D000230	0x03E00008  JR	RA
0x9D000234	0x27BD0004  ADDIU	SP, SP, 4
; end of ___CC2DW
_Sleep_:
;lcd.c, 1 :: 		void Sleep_ (int intervalo)
;lcd.c, 3 :: 		int i = 0;
; i start address is: 16 (R4)
0x9D0001EC	0x0000200A  MOVZ	R4, R0, R0
; i end address is: 16 (R4)
;lcd.c, 5 :: 		for(;i<intervalo;i++)
L_Sleep_0:
; i start address is: 16 (R4)
0x9D0001F0	0x7C041E20  SEH	R3, R4
0x9D0001F4	0x7C191620  SEH	R2, R25
0x9D0001F8	0x0062102A  SLT	R2, R3, R2
0x9D0001FC	0x10400004  BEQ	R2, R0, L_Sleep_1
0x9D000200	0x70000000  NOP	
L__Sleep_10:
0x9D000204	0x24820001  ADDIU	R2, R4, 1
;lcd.c, 7 :: 		}
; i end address is: 16 (R4)
0x9D000208	0x0B40007C  J	L_Sleep_0
0x9D00020C	0x7C022620  SEH	R4, R2
L_Sleep_1:
;lcd.c, 8 :: 		}
L_end_Sleep_:
0x9D000210	0x03E00008  JR	RA
0x9D000214	0x70000000  NOP	
; end of _Sleep_
_InitLcd:
;lcd.c, 41 :: 		void InitLcd()
0x9D00026C	0x27BDFFF8  ADDIU	SP, SP, -8
0x9D000270	0xAFBF0000  SW	RA, 0(SP)
;lcd.c, 43 :: 		PORTB = 56;
0x9D000274	0xAFB90004  SW	R25, 4(SP)
0x9D000278	0x34020038  ORI	R2, R0, 56
0x9D00027C	0x3C1EBF88  LUI	R30, 49032
;lcd.c, 44 :: 		InputOp();
0x9D000280	0x0F40000E  JAL	_inputOp+0
0x9D000284	0xAFC26050  SW	R2, 24656(R30)
;lcd.c, 45 :: 		Sleep_(25);
0x9D000288	0x0F40007B  JAL	_Sleep_+0
0x9D00028C	0x34190019  ORI	R25, R0, 25
;lcd.c, 46 :: 		}
L_end_InitLcd:
0x9D000290	0x8FB90004  LW	R25, 4(SP)
0x9D000294	0x8FBF0000  LW	RA, 0(SP)
0x9D000298	0x03E00008  JR	RA
0x9D00029C	0x27BD0008  ADDIU	SP, SP, 8
; end of _InitLcd
_inputOp:
;lcd.c, 9 :: 		void inputOp()
0x9D000038	0x27BDFFF8  ADDIU	SP, SP, -8
0x9D00003C	0xAFBF0000  SW	RA, 0(SP)
;lcd.c, 14 :: 		PORTA = 0;
0x9D000040	0xAFB90004  SW	R25, 4(SP)
0x9D000044	0x3C1EBF88  LUI	R30, 49032
0x9D000048	0xAFC06010  SW	R0, 24592(R30)
;lcd.c, 15 :: 		Sleep_(25);
0x9D00004C	0x0F40007B  JAL	_Sleep_+0
0x9D000050	0x34190019  ORI	R25, R0, 25
;lcd.c, 16 :: 		PORTA = 1;
0x9D000054	0x34020001  ORI	R2, R0, 1
0x9D000058	0x3C1EBF88  LUI	R30, 49032
0x9D00005C	0xAFC26010  SW	R2, 24592(R30)
;lcd.c, 17 :: 		Sleep_(25);
0x9D000060	0x0F40007B  JAL	_Sleep_+0
0x9D000064	0x34190019  ORI	R25, R0, 25
;lcd.c, 18 :: 		PORTA = 0;
0x9D000068	0x3C1EBF88  LUI	R30, 49032
0x9D00006C	0xAFC06010  SW	R0, 24592(R30)
;lcd.c, 19 :: 		Sleep_(25);
0x9D000070	0x0F40007B  JAL	_Sleep_+0
0x9D000074	0x34190019  ORI	R25, R0, 25
;lcd.c, 20 :: 		}
L_end_inputOp:
0x9D000078	0x8FB90004  LW	R25, 4(SP)
0x9D00007C	0x8FBF0000  LW	RA, 0(SP)
0x9D000080	0x03E00008  JR	RA
0x9D000084	0x27BD0008  ADDIU	SP, SP, 8
; end of _inputOp
_ClearLcd:
;lcd.c, 35 :: 		void ClearLcd()
0x9D000238	0x27BDFFF8  ADDIU	SP, SP, -8
0x9D00023C	0xAFBF0000  SW	RA, 0(SP)
;lcd.c, 37 :: 		PORTB = 1;
0x9D000240	0xAFB90004  SW	R25, 4(SP)
0x9D000244	0x34020001  ORI	R2, R0, 1
0x9D000248	0x3C1EBF88  LUI	R30, 49032
;lcd.c, 38 :: 		InputOp();
0x9D00024C	0x0F40000E  JAL	_inputOp+0
0x9D000250	0xAFC26050  SW	R2, 24656(R30)
;lcd.c, 39 :: 		Sleep_(25);
0x9D000254	0x0F40007B  JAL	_Sleep_+0
0x9D000258	0x34190019  ORI	R25, R0, 25
;lcd.c, 40 :: 		}
L_end_ClearLcd:
0x9D00025C	0x8FB90004  LW	R25, 4(SP)
0x9D000260	0x8FBF0000  LW	RA, 0(SP)
0x9D000264	0x03E00008  JR	RA
0x9D000268	0x27BD0008  ADDIU	SP, SP, 8
; end of _ClearLcd
_OnOffLcd:
;lcd.c, 47 :: 		void OnOffLcd()
0x9D000148	0x27BDFFF8  ADDIU	SP, SP, -8
0x9D00014C	0xAFBF0000  SW	RA, 0(SP)
;lcd.c, 49 :: 		PORTB = 15;
0x9D000150	0xAFB90004  SW	R25, 4(SP)
0x9D000154	0x3402000F  ORI	R2, R0, 15
0x9D000158	0x3C1EBF88  LUI	R30, 49032
;lcd.c, 50 :: 		InputOp();
0x9D00015C	0x0F40000E  JAL	_inputOp+0
0x9D000160	0xAFC26050  SW	R2, 24656(R30)
;lcd.c, 51 :: 		Sleep_(25);
0x9D000164	0x0F40007B  JAL	_Sleep_+0
0x9D000168	0x34190019  ORI	R25, R0, 25
;lcd.c, 52 :: 		}
L_end_OnOffLcd:
0x9D00016C	0x8FB90004  LW	R25, 4(SP)
0x9D000170	0x8FBF0000  LW	RA, 0(SP)
0x9D000174	0x03E00008  JR	RA
0x9D000178	0x27BD0008  ADDIU	SP, SP, 8
; end of _OnOffLcd
_WriteLcd:
;lcd.c, 72 :: 		void WriteLcd(char * Text,int line)
0x9D00017C	0x27BDFFF8  ADDIU	SP, SP, -8
0x9D000180	0xAFBF0000  SW	RA, 0(SP)
;lcd.c, 75 :: 		int total = strlen(Text);
0x9D000184	0x0F400000  JAL	_strlen+0
0x9D000188	0x70000000  NOP	
; total start address is: 20 (R5)
0x9D00018C	0x7C022E20  SEH	R5, R2
;lcd.c, 77 :: 		ChangeLineLcd(line);
0x9D000190	0xAFB90004  SW	R25, 4(SP)
0x9D000194	0x0F40003C  JAL	_ChangeLineLcd+0
0x9D000198	0x7C1ACE20  SEH	R25, R26
0x9D00019C	0x8FB90004  LW	R25, 4(SP)
;lcd.c, 80 :: 		for( i=0; i < total;i++)
; i start address is: 24 (R6)
0x9D0001A0	0x0000300A  MOVZ	R6, R0, R0
; total end address is: 20 (R5)
; i end address is: 24 (R6)
L_WriteLcd6:
; i start address is: 24 (R6)
; total start address is: 20 (R5)
0x9D0001A4	0x7C061E20  SEH	R3, R6
0x9D0001A8	0x7C051620  SEH	R2, R5
0x9D0001AC	0x0062102A  SLT	R2, R3, R2
0x9D0001B0	0x1040000B  BEQ	R2, R0, L_WriteLcd7
0x9D0001B4	0x70000000  NOP	
L__WriteLcd20:
;lcd.c, 82 :: 		PORTB = Text[i];
0x9D0001B8	0x7C061620  SEH	R2, R6
0x9D0001BC	0x03221021  ADDU	R2, R25, R2
0x9D0001C0	0x90420000  LBU	R2, 0(R2)
0x9D0001C4	0x304200FF  ANDI	R2, R2, 255
0x9D0001C8	0x3C1EBF88  LUI	R30, 49032
;lcd.c, 83 :: 		InputDt();
0x9D0001CC	0x0F400022  JAL	_inputDt+0
0x9D0001D0	0xAFC26050  SW	R2, 24656(R30)
;lcd.c, 80 :: 		for( i=0; i < total;i++)
0x9D0001D4	0x24C20001  ADDIU	R2, R6, 1
;lcd.c, 84 :: 		}
; total end address is: 20 (R5)
; i end address is: 24 (R6)
0x9D0001D8	0x0B400069  J	L_WriteLcd6
0x9D0001DC	0x7C023620  SEH	R6, R2
L_WriteLcd7:
;lcd.c, 85 :: 		}
L_end_WriteLcd:
0x9D0001E0	0x8FBF0000  LW	RA, 0(SP)
0x9D0001E4	0x03E00008  JR	RA
0x9D0001E8	0x27BD0008  ADDIU	SP, SP, 8
; end of _WriteLcd
_strlen:
;__Lib_CString.c, 143 :: 		
0x9D000000	0x27BDFFFC  ADDIU	SP, SP, -4
;__Lib_CString.c, 146 :: 		
; cp start address is: 16 (R4)
0x9D000004	0x0320200A  MOVZ	R4, R25, R0
; cp end address is: 16 (R4)
;__Lib_CString.c, 147 :: 		
L_strlen36:
; cp start address is: 16 (R4)
0x9D000008	0x0080180A  MOVZ	R3, R4, R0
0x9D00000C	0x24820001  ADDIU	R2, R4, 1
0x9D000010	0x0040200A  MOVZ	R4, R2, R0
0x9D000014	0x90620000  LBU	R2, 0(R3)
0x9D000018	0x10400003  BEQ	R2, R0, L_strlen37
0x9D00001C	0x70000000  NOP	
L__strlen145:
;__Lib_CString.c, 148 :: 		
0x9D000020	0x0B400002  J	L_strlen36
0x9D000024	0x70000000  NOP	
L_strlen37:
;__Lib_CString.c, 149 :: 		
0x9D000028	0x00991023  SUBU	R2, R4, R25
; cp end address is: 16 (R4)
0x9D00002C	0x2442FFFF  ADDIU	R2, R2, -1
;__Lib_CString.c, 150 :: 		
L_end_strlen:
0x9D000030	0x03E00008  JR	RA
0x9D000034	0x27BD0004  ADDIU	SP, SP, 4
; end of _strlen
_ChangeLineLcd:
;lcd.c, 54 :: 		void ChangeLineLcd(int line)
0x9D0000F0	0x27BDFFFC  ADDIU	SP, SP, -4
0x9D0000F4	0xAFBF0000  SW	RA, 0(SP)
;lcd.c, 56 :: 		if (line == 1)
0x9D0000F8	0x7C191E20  SEH	R3, R25
0x9D0000FC	0x34020001  ORI	R2, R0, 1
0x9D000100	0x14620006  BNE	R3, R2, L_ChangeLineLcd3
0x9D000104	0x70000000  NOP	
L__ChangeLineLcd17:
;lcd.c, 58 :: 		PORTB = 0;
0x9D000108	0x3C1EBF88  LUI	R30, 49032
;lcd.c, 59 :: 		InputOp();
0x9D00010C	0x0F40000E  JAL	_inputOp+0
0x9D000110	0xAFC06050  SW	R0, 24656(R30)
;lcd.c, 62 :: 		}
0x9D000114	0x0B40004F  J	L_ChangeLineLcd4
0x9D000118	0x70000000  NOP	
L_ChangeLineLcd3:
;lcd.c, 63 :: 		else if (line == 2)
0x9D00011C	0x7C191E20  SEH	R3, R25
0x9D000120	0x34020002  ORI	R2, R0, 2
0x9D000124	0x14620005  BNE	R3, R2, L_ChangeLineLcd5
0x9D000128	0x70000000  NOP	
L__ChangeLineLcd18:
;lcd.c, 65 :: 		PORTB = 192;
0x9D00012C	0x340200C0  ORI	R2, R0, 192
0x9D000130	0x3C1EBF88  LUI	R30, 49032
;lcd.c, 66 :: 		InputOp();
0x9D000134	0x0F40000E  JAL	_inputOp+0
0x9D000138	0xAFC26050  SW	R2, 24656(R30)
;lcd.c, 68 :: 		}
L_ChangeLineLcd5:
L_ChangeLineLcd4:
;lcd.c, 69 :: 		}
L_end_ChangeLineLcd:
0x9D00013C	0x8FBF0000  LW	RA, 0(SP)
0x9D000140	0x03E00008  JR	RA
0x9D000144	0x27BD0004  ADDIU	SP, SP, 4
; end of _ChangeLineLcd
_inputDt:
;lcd.c, 21 :: 		void inputDt()
0x9D000088	0x27BDFFF8  ADDIU	SP, SP, -8
0x9D00008C	0xAFBF0000  SW	RA, 0(SP)
;lcd.c, 26 :: 		PORTA = 16;
0x9D000090	0xAFB90004  SW	R25, 4(SP)
0x9D000094	0x34020010  ORI	R2, R0, 16
0x9D000098	0x3C1EBF88  LUI	R30, 49032
0x9D00009C	0xAFC26010  SW	R2, 24592(R30)
;lcd.c, 27 :: 		Sleep_(25);
0x9D0000A0	0x0F40007B  JAL	_Sleep_+0
0x9D0000A4	0x34190019  ORI	R25, R0, 25
;lcd.c, 28 :: 		PORTA = 17;
0x9D0000A8	0x34020011  ORI	R2, R0, 17
0x9D0000AC	0x3C1EBF88  LUI	R30, 49032
0x9D0000B0	0xAFC26010  SW	R2, 24592(R30)
;lcd.c, 29 :: 		Sleep_(25);
0x9D0000B4	0x0F40007B  JAL	_Sleep_+0
0x9D0000B8	0x34190019  ORI	R25, R0, 25
;lcd.c, 30 :: 		PORTA = 16;
0x9D0000BC	0x34020010  ORI	R2, R0, 16
0x9D0000C0	0x3C1EBF88  LUI	R30, 49032
0x9D0000C4	0xAFC26010  SW	R2, 24592(R30)
;lcd.c, 31 :: 		Sleep_(25);
0x9D0000C8	0x0F40007B  JAL	_Sleep_+0
0x9D0000CC	0x34190019  ORI	R25, R0, 25
;lcd.c, 32 :: 		PORTA = 0;
0x9D0000D0	0x3C1EBF88  LUI	R30, 49032
0x9D0000D4	0xAFC06010  SW	R0, 24592(R30)
;lcd.c, 33 :: 		Sleep_(25);
0x9D0000D8	0x0F40007B  JAL	_Sleep_+0
0x9D0000DC	0x34190019  ORI	R25, R0, 25
;lcd.c, 34 :: 		}
L_end_inputDt:
0x9D0000E0	0x8FB90004  LW	R25, 4(SP)
0x9D0000E4	0x8FBF0000  LW	RA, 0(SP)
0x9D0000E8	0x03E00008  JR	RA
0x9D0000EC	0x27BD0008  ADDIU	SP, SP, 8
; end of _inputDt
___BootStartUp:
;__Lib_System.c, 68 :: 		
0xBFC00000	0x27BDFFFC  ADDIU	SP, SP, -4
;__Lib_System.c, 72 :: 		
0xBFC00004	0x70000000  NOP	
;__Lib_System.c, 73 :: 		
0xBFC00008	0x70000000  NOP	
;__Lib_System.c, 74 :: 		
0xBFC0000C	0x70000000  NOP	
;__Lib_System.c, 75 :: 		
0xBFC00010	0x70000000  NOP	
;__Lib_System.c, 76 :: 		
0xBFC00014	0x70000000  NOP	
;__Lib_System.c, 77 :: 		
0xBFC00018	0x70000000  NOP	
;__Lib_System.c, 78 :: 		
0xBFC0001C	0x70000000  NOP	
;__Lib_System.c, 79 :: 		
0xBFC00020	0x70000000  NOP	
;__Lib_System.c, 80 :: 		
0xBFC00024	0x70000000  NOP	
;__Lib_System.c, 81 :: 		
0xBFC00028	0x70000000  NOP	
;__Lib_System.c, 82 :: 		
0xBFC0002C	0x70000000  NOP	
;__Lib_System.c, 83 :: 		
0xBFC00030	0x70000000  NOP	
;__Lib_System.c, 84 :: 		
0xBFC00034	0x70000000  NOP	
;__Lib_System.c, 85 :: 		
0xBFC00038	0x70000000  NOP	
;__Lib_System.c, 86 :: 		
0xBFC0003C	0x70000000  NOP	
;__Lib_System.c, 87 :: 		
0xBFC00040	0x70000000  NOP	
;__Lib_System.c, 88 :: 		
0xBFC00044	0x70000000  NOP	
;__Lib_System.c, 89 :: 		
0xBFC00048	0x70000000  NOP	
;__Lib_System.c, 90 :: 		
0xBFC0004C	0x70000000  NOP	
;__Lib_System.c, 91 :: 		
0xBFC00050	0x70000000  NOP	
;__Lib_System.c, 94 :: 		
0xBFC00054	0x3C1DA001  LUI	SP, 40961
0xBFC00058	0x37BDFFFC  ORI	SP, SP, 65532
;__Lib_System.c, 95 :: 		
0xBFC0005C	0x3C01A000  LUI	GP, 40960
0xBFC00060	0x34218000  ORI	GP, GP, 32768
;__Lib_System.c, 99 :: 		
0xBFC00064	0x401E6002  MFC0	R30, 12, 2
;__Lib_System.c, 100 :: 		
0xBFC00068	0x03C0E00A  MOVZ	R28, R30, R0
;__Lib_System.c, 101 :: 		
0xBFC0006C	0x7FDB1E80  EXT	R27, R30, 26, 4
;__Lib_System.c, 102 :: 		
0xBFC00070	0x7F7E4984  INS	R30, R27, 6, 4
;__Lib_System.c, 103 :: 		
0xBFC00074	0x409E6002  MTC0	R30, 12, 2
;__Lib_System.c, 104 :: 		
0xBFC00078	0x41C10800  WRPGPR	GP, GP
;__Lib_System.c, 105 :: 		
0xBFC0007C	0x409C6002  MTC0	R28, 12, 2
;__Lib_System.c, 111 :: 		
0xBFC00080	0x3C02A421  LUI	R2, 42017
0xBFC00084	0x34420583  ORI	R2, R2, 1411
0xBFC00088	0x0040F00A  MOVZ	R30, R2, R0
0xBFC0008C	0x409E8000  MTC0	R30, 16, 0
;__Lib_System.c, 114 :: 		
0xBFC00090	0x0000100A  MOVZ	R2, R0, R0
0xBFC00094	0x0040F00A  MOVZ	R30, R2, R0
0xBFC00098	0x409E4800  MTC0	R30, 9, 0
;__Lib_System.c, 117 :: 		
0xBFC0009C	0x3C02FFFF  LUI	R2, 65535
0xBFC000A0	0x3442FFFF  ORI	R2, R2, 65535
0xBFC000A4	0x0040F00A  MOVZ	R30, R2, R0
0xBFC000A8	0x409E5800  MTC0	R30, 11, 0
;__Lib_System.c, 119 :: 		
0xBFC000AC	0x3C029FC0  LUI	R2, 40896
0xBFC000B0	0x34421000  ORI	R2, R2, 4096
0xBFC000B4	0x0040F00A  MOVZ	R30, R2, R0
0xBFC000B8	0x409E7801  MTC0	R30, 15, 1
;__Lib_System.c, 121 :: 		
0xBFC000BC	0x34020020  ORI	R2, R0, 32
0xBFC000C0	0x0040F00A  MOVZ	R30, R2, R0
0xBFC000C4	0x409E6001  MTC0	R30, 12, 1
;__Lib_System.c, 123 :: 		
0xBFC000C8	0x3C020400  LUI	R2, 1024
0xBFC000CC	0x0040F00A  MOVZ	R30, R2, R0
0xBFC000D0	0x409E6002  MTC0	R30, 12, 2
;__Lib_System.c, 124 :: 		
0xBFC000D4	0x0000100A  MOVZ	R2, R0, R0
0xBFC000D8	0x0040F00A  MOVZ	R30, R2, R0
0xBFC000DC	0x409E6003  MTC0	R30, 12, 3
;__Lib_System.c, 129 :: 		
0xBFC000E0	0x3C020010  LUI	R2, 16
0xBFC000E4	0x0040F00A  MOVZ	R30, R2, R0
0xBFC000E8	0x409E6000  MTC0	R30, 12, 0
;__Lib_System.c, 132 :: 		
0xBFC000EC	0x34020030  ORI	R2, R0, 48
0xBFC000F0	0x3C1EBF88  LUI	R30, 49032
0xBFC000F4	0xAFC24000  SW	R2, 16384(R30)
;__Lib_System.c, 137 :: 		
0xBFC000F8	0x34021000  ORI	R2, R0, 4096
0xBFC000FC	0x3C1EBF88  LUI	R30, 49032
0xBFC00100	0xAFC21000  SW	R2, 4096(R30)
;__Lib_System.c, 143 :: 		
0xBFC00104	0x3C020080  LUI	R2, 128
0xBFC00108	0x0040F00A  MOVZ	R30, R2, R0
0xBFC0010C	0x409E6800  MTC0	R30, 13, 0
;__Lib_System.c, 149 :: 		
0xBFC00110	0x3C1E9D00  LUI	R30, hi_addr(_main+0)
;__Lib_System.c, 150 :: 		
0xBFC00114	0x37DE02D0  ORI	R30, R30, lo_addr(_main+0)
;__Lib_System.c, 152 :: 		
0xBFC00118	0x03C00008  JR	R30
;__Lib_System.c, 153 :: 		
0xBFC0011C	0x70000000  NOP	
;__Lib_System.c, 155 :: 		
L_end___BootStartUp:
0xBFC00120	0x03E00008  JR	RA
0xBFC00124	0x27BD0004  ADDIU	SP, SP, 4
; end of ___BootStartUp
___BootGenExcept:
;__Lib_System.c, 56 :: 		
0x9D0002B8	0x27BDFFFC  ADDIU	SP, SP, -4
;__Lib_System.c, 57 :: 		
L___BootGenExcept6:
;__Lib_System.c, 58 :: 		
0x9D0002BC	0x0B4000AF  J	L___BootGenExcept6
0x9D0002C0	0x70000000  NOP	
;__Lib_System.c, 59 :: 		
L_end___BootGenExcept:
0x9D0002C4	0x27BD0004  ADDIU	SP, SP, 4
0x9D0002C8	0x42000018  ERET	
0x9D0002CC	0x70000000  NOP	
; end of ___BootGenExcept
___GenExcept:
;__Lib_System.c, 61 :: 		
0x9D0002A0	0x27BDFFFC  ADDIU	SP, SP, -4
;__Lib_System.c, 62 :: 		
L___GenExcept8:
;__Lib_System.c, 63 :: 		
0x9D0002A4	0x0B4000A9  J	L___GenExcept8
0x9D0002A8	0x70000000  NOP	
;__Lib_System.c, 64 :: 		
L_end___GenExcept:
0x9D0002AC	0x27BD0004  ADDIU	SP, SP, 4
0x9D0002B0	0x42000018  ERET	
0x9D0002B4	0x70000000  NOP	
; end of ___GenExcept
0x9D000360	0x03E0C80A  MOVZ	R25, RA, R0
0x9D000364	0x3C17A000  LUI	R23, 40960
0x9D000368	0x36F70000  ORI	R23, R23, 0
0x9D00036C	0x3C16A000  LUI	R22, 40960
0x9D000370	0x36D6001E  ORI	R22, R22, 30
0x9D000374	0x3C189D00  LUI	R24, 40192
0x9D000378	0x37180340  ORI	R24, R24, 832
0x9D00037C	0x0F400086  JAL	___CC2DW
0x9D000380	0x70000000  NOP	
0x9D000384	0x0320F80A  MOVZ	RA, R25, R0
0x9D000388	0x03E00008  JR	RA
0x9D00038C	0x70000000  NOP	
;lcd.c,0 :: ?ICS?lstr1_lcd [16]
0x9D000340	0x6372614D ;?ICS?lstr1_lcd+0
0x9D000344	0x206F6C65 ;?ICS?lstr1_lcd+4
0x9D000348	0x6972614D ;?ICS?lstr1_lcd+8
0x9D00034C	0x006F6E61 ;?ICS?lstr1_lcd+12
; end of ?ICS?lstr1_lcd
;lcd.c,0 :: ?ICS?lstr2_lcd [14]
0x9D000350	0x6D6C695A ;?ICS?lstr2_lcd+0
0x9D000354	0x614D2061 ;?ICS?lstr2_lcd+4
0x9D000358	0x6E616972 ;?ICS?lstr2_lcd+8
0x9D00035C	0x006F ;?ICS?lstr2_lcd+12
; end of ?ICS?lstr2_lcd
Symbol List:
//** Routines locations **
//ADDRESS    SIZE    PROCEDURE
//----------------------------------------------
0x9D000000      [56]    _strlen
0x9D000038      [80]    _inputOp
0x9D000088     [104]    _inputDt
0x9D0000F0      [88]    _ChangeLineLcd
0x9D000148      [52]    _OnOffLcd
0x9D00017C     [112]    _WriteLcd
0x9D0001EC      [44]    _Sleep_
0x9D000218      [32]    ___CC2DW
0x9D000238      [52]    _ClearLcd
0x9D00026C      [52]    _InitLcd
0x9D0002A0      [24]    ___GenExcept
0x9D0002B8      [24]    ___BootGenExcept
0x9D0002D0     [112]    _main
0xBFC00000     [296]    ___BootStartUp
//** Variables locations ** 
//ADDRESS    SIZE    VARIABLE
//----------------------------------------------
0xA0000000      [16]    ?lstr1_lcd
0xA0000010      [14]    ?lstr2_lcd
//** Constants locations ** 
//ADDRESS    SIZE    CONSTANT
//----------------------------------------------
0x9D000340      [16]    ?ICS?lstr1_lcd
0x9D000350      [14]    ?ICS?lstr2_lcd
